<?xml version="1.0" encoding="UTF-8"?>
<!-- Generated by org.testng.reporters.JUnitReportReporter -->
<testsuite skipped="0" hostname="DESKTOP-KN642OP" name="testNGPractice.testNGPractice.RetryTestTwo" tests="3" failures="0" timestamp="30 Jan 2022 09:56:26 GMT" time="0.320" errors="0">
  <testcase name="test6" time="0.126" classname="testNGPractice.testNGPractice.RetryTestTwo"/>
  <testcase name="test5" time="0.127" classname="testNGPractice.testNGPractice.RetryTestTwo"/>
  <testcase name="test4" time="0.067" classname="testNGPractice.testNGPractice.RetryTestTwo"/>
</testsuite> <!-- testNGPractice.testNGPractice.RetryTestTwo -->
