<?xml version="1.0" encoding="UTF-8"?>
<!-- Generated by org.testng.reporters.JUnitReportReporter -->
<testsuite skipped="0" hostname="DESKTOP-KN642OP" name="testNGPractice.testNGPractice.ParallelTestDemo" tests="2" failures="0" timestamp="30 Jan 2022 09:53:20 GMT" time="0.061" errors="0">
  <testcase name="test2" time="0.030" classname="testNGPractice.testNGPractice.ParallelTestDemo"/>
  <testcase name="test1" time="0.031" classname="testNGPractice.testNGPractice.ParallelTestDemo"/>
</testsuite> <!-- testNGPractice.testNGPractice.ParallelTestDemo -->
