<?xml version="1.0" encoding="UTF-8"?>
<!-- Generated by org.testng.reporters.JUnitReportReporter -->
<testsuite skipped="0" hostname="DESKTOP-KN642OP" name="testNGPractice.testNGPractice.RetryTestOne" tests="3" failures="0" timestamp="30 Jan 2022 09:56:26 GMT" time="164.734" errors="0">
  <testcase name="test3" time="55.508" classname="testNGPractice.testNGPractice.RetryTestOne"/>
  <testcase name="test1" time="57.219" classname="testNGPractice.testNGPractice.RetryTestOne"/>
  <testcase name="test2" time="52.007" classname="testNGPractice.testNGPractice.RetryTestOne"/>
</testsuite> <!-- testNGPractice.testNGPractice.RetryTestOne -->
